2024.04.08-14:57:36.160[90m debug[39m [caliper] [local-client.js] 	Constructed a winston logger with the specified settings
2024.04.08-14:57:36.553[32m info [39m [caliper] [benchmark-validator] 	No observer specified, will default to `none`
2024.04.08-14:57:36.553[32m info [39m [caliper] [caliper-flow] 	####### Caliper Test #######
2024.04.08-14:57:36.554[90m debug[39m [caliper] [testObserver.js] 	Creating test observer of type none
2024.04.08-14:57:36.554[32m info [39m [caliper] [null-observer] 	Configured observer
2024.04.08-14:57:36.556[32m info [39m [caliper] [installSmartContract.js] 	[34m[1mDeploying smart contracts ...[22m[39m
2024.04.08-14:57:36.556[32m info [39m [caliper] [installSmartContract.js] 	[34m[1mDeploying logistics ...[22m[39m
2024.04.08-14:57:36.556[32m info [39m [caliper] [installSmartContract.js] 	[32m[1mPrecompiled smart contract logistics appointed, address=0x6187c9181eee2b1d3b69fd701c0db6dc7daca7a3[22m[39m
2024.04.08-14:57:36.564[90m debug[39m [caliper] [monitor-process] 	Entering readStats()
2024.04.08-14:57:36.756[90m debug[39m [caliper] [monitor-process] 	Exiting readStats()
2024.04.08-14:57:36.756[32m info [39m [caliper] [monitor-process] 	Starting process monitor with update interval 500 ms
2024.04.08-14:57:36.756[32m info [39m [caliper] [caliper-flow] 	Started monitors successfully
2024.04.08-14:57:36.756[32m info [39m [caliper] [defaultTest] 	####### Testing 'PerChaseCompany' #######
2024.04.08-14:57:36.756[90m debug[39m [caliper] [null-observer] 	No action taken by NullObserver on setBenchmark
2024.04.08-14:57:36.756[32m info [39m [caliper] [defaultTest] 	------ Test round 1 ------
2024.04.08-14:57:36.757[90m debug[39m [caliper] [null-observer] 	No action taken by NullObserver on setRound
2024.04.08-14:57:36.757[90m debug[39m [caliper] [null-observer] 	No action taken by NullObserver on startWatch
2024.04.08-14:57:36.758[32m info [39m [caliper] [client.js] 	Launching client with PID 
2024.04.08-14:57:36.758[32m info [39m [caliper] [client.js] 	Waiting for 1 clients to be ready... 
2024.04.08-14:57:36.839[90m debug[39m [caliper] [local-client.js] 	Constructed a winston logger with the specified settings
2024.04.08-14:57:36.960[32m info [39m [caliper] [client.js] 	Client ready message received
2024.04.08-14:57:36.960[32m info [39m [caliper] [client.js] 	1 clients ready, starting test phase
2024.04.08-14:57:36.960[90m debug[39m [caliper] [local-client.js] 	doTest() with:
2024.04.08-14:57:36.961[32m info [39m [caliper] [local-client.js] 	txUpdateTime: 1000
2024.04.08-14:57:36.961[90m debug[39m [caliper] [rateControl.js] 	Creating rate controller for client#0 for round#0
2024.04.08-14:57:36.962[32m info [39m [caliper] [local-client.js] 	Info: client 78301 init test :caliper-contract
2024.04.08-14:57:37.257[90m debug[39m [caliper] [monitor-process] 	Entering readStats()
2024.04.08-14:57:37.446[90m debug[39m [caliper] [monitor-process] 	Exiting readStats()
2024.04.08-14:57:37.759[90m debug[39m [caliper] [monitor-process] 	Entering readStats()
2024.04.08-14:57:37.927[90m debug[39m [caliper] [monitor-process] 	Exiting readStats()
2024.04.08-14:57:38.003[32m info [39m [caliper] [local-client.js] 	Info: client 78301 start test runFixedNumber():caliper-contract
2024.04.08-14:57:38.260[90m debug[39m [caliper] [monitor-process] 	Entering readStats()
2024.04.08-14:57:38.446[90m debug[39m [caliper] [monitor-process] 	Exiting readStats()
2024.04.08-14:57:38.761[90m debug[39m [caliper] [monitor-process] 	Entering readStats()
2024.04.08-14:57:38.957[90m debug[39m [caliper] [monitor-process] 	Exiting readStats()
2024.04.08-14:57:39.207[90m debug[39m [caliper] [null-observer] 	No action taken by NullObserver on stopWatch
2024.04.08-14:57:39.208[90m debug[39m [caliper] [report-builder] 	getLocalResultValues called with: 
2024.04.08-14:57:39.209[32m info [39m [caliper] [report-builder] 	### Test result ###
2024.04.08-14:57:39.215[32m info [39m [caliper] [report-builder] 	
+-----------------+------+------+-----------------+-----------------+-----------------+-----------------+------------------+
| Name            | Succ | Fail | Send Rate (TPS) | Max Latency (s) | Min Latency (s) | Avg Latency (s) | Throughput (TPS) |
|-----------------|------|------|-----------------|-----------------|-----------------|-----------------|------------------|
| PerChaseCompany | 1    | 0    | 1               | 0.52            | 0.52            | 0.52            | 1.9              |
+-----------------+------+------+-----------------+-----------------+-----------------+-----------------+------------------+

2024.04.08-14:57:39.228[32m info [39m [caliper] [report-builder] 	### process resource stats ###'
2024.04.08-14:57:39.229[32m info [39m [caliper] [report-builder] 	
+---------+------------------------------------+-------------+-------------+------------+------------+
| Type    | Name                               | Memory(max) | Memory(avg) | CPU% (max) | CPU% (avg) |
|---------|------------------------------------|-------------|-------------|------------|------------|
| Process | node fiscoBcosClientWorker.js(avg) | 28.3MB      | 28.3MB      | 2.73       | 0.84       |
+---------+------------------------------------+-------------+-------------+------------+------------+

2024.04.08-14:57:39.229[90m debug[39m [caliper] [caliper-flow] 	resources count:
2024.04.08-14:57:39.229[32m info [39m [caliper] [defaultTest] 	------ Passed 'PerChaseCompany' testing ------
2024.04.08-14:57:39.229[32m info [39m [caliper] [defaultTest] 	Waiting 5 seconds for the next round...
2024.04.08-14:57:39.262[90m debug[39m [caliper] [monitor-process] 	Entering readStats()
2024.04.08-14:57:39.448[90m debug[39m [caliper] [monitor-process] 	Exiting readStats()
2024.04.08-14:57:39.763[90m debug[39m [caliper] [monitor-process] 	Entering readStats()
2024.04.08-14:57:39.951[90m debug[39m [caliper] [monitor-process] 	Exiting readStats()
2024.04.08-14:57:40.264[90m debug[39m [caliper] [monitor-process] 	Entering readStats()
2024.04.08-14:57:40.447[90m debug[39m [caliper] [monitor-process] 	Exiting readStats()
2024.04.08-14:57:40.765[90m debug[39m [caliper] [monitor-process] 	Entering readStats()
2024.04.08-14:57:40.941[90m debug[39m [caliper] [monitor-process] 	Exiting readStats()
2024.04.08-14:57:41.266[90m debug[39m [caliper] [monitor-process] 	Entering readStats()
2024.04.08-14:57:41.446[90m debug[39m [caliper] [monitor-process] 	Exiting readStats()
2024.04.08-14:57:41.766[90m debug[39m [caliper] [monitor-process] 	Entering readStats()
2024.04.08-14:57:41.924[90m debug[39m [caliper] [monitor-process] 	Exiting readStats()
2024.04.08-14:57:42.268[90m debug[39m [caliper] [monitor-process] 	Entering readStats()
2024.04.08-14:57:42.473[90m debug[39m [caliper] [monitor-process] 	Exiting readStats()
2024.04.08-14:57:42.770[90m debug[39m [caliper] [monitor-process] 	Entering readStats()
2024.04.08-14:57:42.963[90m debug[39m [caliper] [monitor-process] 	Exiting readStats()
2024.04.08-14:57:43.272[90m debug[39m [caliper] [monitor-process] 	Entering readStats()
2024.04.08-14:57:43.461[90m debug[39m [caliper] [monitor-process] 	Exiting readStats()
2024.04.08-14:57:43.774[90m debug[39m [caliper] [monitor-process] 	Entering readStats()
2024.04.08-14:57:43.978[90m debug[39m [caliper] [monitor-process] 	Exiting readStats()
2024.04.08-14:57:44.233[90m debug[39m [caliper] [monitor-process] 	Entering readStats()
2024.04.08-14:57:44.425[90m debug[39m [caliper] [monitor-process] 	Exiting readStats()
2024.04.08-14:57:44.426[32m info [39m [caliper] [monitor-process] 	Starting process monitor with update interval 500 ms
2024.04.08-14:57:44.426[32m info [39m [caliper] [defaultTest] 	####### Testing 'TransCompany' #######
2024.04.08-14:57:44.426[90m debug[39m [caliper] [null-observer] 	No action taken by NullObserver on setBenchmark
2024.04.08-14:57:44.426[32m info [39m [caliper] [defaultTest] 	------ Test round 2 ------
2024.04.08-14:57:44.426[90m debug[39m [caliper] [null-observer] 	No action taken by NullObserver on setRound
2024.04.08-14:57:44.426[90m debug[39m [caliper] [null-observer] 	No action taken by NullObserver on startWatch
2024.04.08-14:57:44.426[32m info [39m [caliper] [client.js] 	Existing 1 clients will be reused in next test round... 
2024.04.08-14:57:44.426[90m debug[39m [caliper] [local-client.js] 	doTest() with:
2024.04.08-14:57:44.431[32m info [39m [caliper] [local-client.js] 	txUpdateTime: 1000
2024.04.08-14:57:44.431[90m debug[39m [caliper] [rateControl.js] 	Creating rate controller for client#0 for round#0
2024.04.08-14:57:44.432[32m info [39m [caliper] [local-client.js] 	Info: client 78301 init test :caliper-contract
2024.04.08-14:57:44.927[90m debug[39m [caliper] [monitor-process] 	Entering readStats()
2024.04.08-14:57:45.140[90m debug[39m [caliper] [monitor-process] 	Exiting readStats()
2024.04.08-14:57:45.428[90m debug[39m [caliper] [monitor-process] 	Entering readStats()
2024.04.08-14:57:45.444[32m info [39m [caliper] [local-client.js] 	Info: client 78301 start test runFixedNumber():caliper-contract
2024.04.08-14:57:45.617[90m debug[39m [caliper] [monitor-process] 	Exiting readStats()
2024.04.08-14:57:45.929[90m debug[39m [caliper] [monitor-process] 	Entering readStats()
2024.04.08-14:57:46.115[90m debug[39m [caliper] [monitor-process] 	Exiting readStats()
2024.04.08-14:57:46.430[90m debug[39m [caliper] [monitor-process] 	Entering readStats()
2024.04.08-14:57:46.600[90m debug[39m [caliper] [monitor-process] 	Exiting readStats()
2024.04.08-14:57:46.649[90m debug[39m [caliper] [null-observer] 	No action taken by NullObserver on stopWatch
2024.04.08-14:57:46.650[90m debug[39m [caliper] [report-builder] 	getLocalResultValues called with: 
2024.04.08-14:57:46.650[32m info [39m [caliper] [report-builder] 	### Test result ###
2024.04.08-14:57:46.651[32m info [39m [caliper] [report-builder] 	
+--------------+------+------+-----------------+-----------------+-----------------+-----------------+------------------+
| Name         | Succ | Fail | Send Rate (TPS) | Max Latency (s) | Min Latency (s) | Avg Latency (s) | Throughput (TPS) |
|--------------|------|------|-----------------|-----------------|-----------------|-----------------|------------------|
| TransCompany | 1    | 0    | 1               | 0.52            | 0.52            | 0.52            | 1.9              |
+--------------+------+------+-----------------+-----------------+-----------------+-----------------+------------------+

2024.04.08-14:57:46.652[32m info [39m [caliper] [report-builder] 	### process resource stats ###'
2024.04.08-14:57:46.652[32m info [39m [caliper] [report-builder] 	
+---------+------------------------------------+-------------+-------------+------------+------------+
| Type    | Name                               | Memory(max) | Memory(avg) | CPU% (max) | CPU% (avg) |
|---------|------------------------------------|-------------|-------------|------------|------------|
| Process | node fiscoBcosClientWorker.js(avg) | 25.0MB      | 25.0MB      | 1.57       | 0.79       |
+---------+------------------------------------+-------------+-------------+------------+------------+

2024.04.08-14:57:46.652[90m debug[39m [caliper] [caliper-flow] 	resources count:
2024.04.08-14:57:46.652[32m info [39m [caliper] [defaultTest] 	------ Passed 'TransCompany' testing ------
2024.04.08-14:57:46.652[32m info [39m [caliper] [caliper-flow] 	---------- Finished Test ----------

2024.04.08-14:57:46.652[32m info [39m [caliper] [report-builder] 	### All test results ###
2024.04.08-14:57:46.653[32m info [39m [caliper] [report-builder] 	
+-----------------+------+------+-----------------+-----------------+-----------------+-----------------+------------------+
| Name            | Succ | Fail | Send Rate (TPS) | Max Latency (s) | Min Latency (s) | Avg Latency (s) | Throughput (TPS) |
|-----------------|------|------|-----------------|-----------------|-----------------|-----------------|------------------|
| PerChaseCompany | 1    | 0    | 1               | 0.52            | 0.52            | 0.52            | 1.9              |
|-----------------|------|------|-----------------|-----------------|-----------------|-----------------|------------------|
| TransCompany    | 1    | 0    | 1               | 0.52            | 0.52            | 0.52            | 1.9              |
+-----------------+------+------+-----------------+-----------------+-----------------+-----------------+------------------+

2024.04.08-14:57:46.873[32m info [39m [caliper] [caliper-flow] 	Generated report with path /Volumes/newElements/logistics/caliper/report.html
2024.04.08-14:58:19.652[90m debug[39m [caliper] [local-client.js] 	Constructed a winston logger with the specified settings
2024.04.08-14:58:19.824[32m info [39m [caliper] [benchmark-validator] 	No observer specified, will default to `none`
2024.04.08-14:58:19.825[32m info [39m [caliper] [caliper-flow] 	####### Caliper Test #######
2024.04.08-14:58:19.825[90m debug[39m [caliper] [testObserver.js] 	Creating test observer of type none
2024.04.08-14:58:19.826[32m info [39m [caliper] [null-observer] 	Configured observer
2024.04.08-14:58:19.827[32m info [39m [caliper] [installSmartContract.js] 	[34m[1mDeploying smart contracts ...[22m[39m
2024.04.08-14:58:19.827[32m info [39m [caliper] [installSmartContract.js] 	[34m[1mDeploying logistics ...[22m[39m
2024.04.08-14:58:19.827[32m info [39m [caliper] [installSmartContract.js] 	[32m[1mPrecompiled smart contract logistics appointed, address=0x6187c9181eee2b1d3b69fd701c0db6dc7daca7a3[22m[39m
2024.04.08-14:58:19.834[90m debug[39m [caliper] [monitor-process] 	Entering readStats()
2024.04.08-14:58:20.026[90m debug[39m [caliper] [monitor-process] 	Exiting readStats()
2024.04.08-14:58:20.026[32m info [39m [caliper] [monitor-process] 	Starting process monitor with update interval 500 ms
2024.04.08-14:58:20.027[32m info [39m [caliper] [caliper-flow] 	Started monitors successfully
2024.04.08-14:58:20.027[32m info [39m [caliper] [defaultTest] 	####### Testing 'PerChaseCompany' #######
2024.04.08-14:58:20.027[90m debug[39m [caliper] [null-observer] 	No action taken by NullObserver on setBenchmark
2024.04.08-14:58:20.027[32m info [39m [caliper] [defaultTest] 	------ Test round 1 ------
2024.04.08-14:58:20.027[90m debug[39m [caliper] [null-observer] 	No action taken by NullObserver on setRound
2024.04.08-14:58:20.027[90m debug[39m [caliper] [null-observer] 	No action taken by NullObserver on startWatch
2024.04.08-14:58:20.029[32m info [39m [caliper] [client.js] 	Launching client with PID 
2024.04.08-14:58:20.029[32m info [39m [caliper] [client.js] 	Waiting for 1 clients to be ready... 
2024.04.08-14:58:20.101[90m debug[39m [caliper] [local-client.js] 	Constructed a winston logger with the specified settings
2024.04.08-14:58:20.235[32m info [39m [caliper] [client.js] 	Client ready message received
2024.04.08-14:58:20.235[32m info [39m [caliper] [client.js] 	1 clients ready, starting test phase
2024.04.08-14:58:20.235[90m debug[39m [caliper] [local-client.js] 	doTest() with:
2024.04.08-14:58:20.235[32m info [39m [caliper] [local-client.js] 	txUpdateTime: 1000
2024.04.08-14:58:20.236[90m debug[39m [caliper] [rateControl.js] 	Creating rate controller for client#0 for round#0
2024.04.08-14:58:20.236[32m info [39m [caliper] [local-client.js] 	Info: client 78463 init test :caliper-contract
2024.04.08-14:58:20.528[90m debug[39m [caliper] [monitor-process] 	Entering readStats()
2024.04.08-14:58:20.621[31m error[39m [caliper] [invokeSmartContract.js] 	[31m[1mFailed to invoke smart contract: {"blockHash":"0x53739b4a1491999ddfe911b32f6317f81e2ddde7bdc0fbf0faad348823b8556a","blockNumber":"0xc","contractAddress":"0x0000000000000000000000000000000000000000","from":"0x2a5941eb63e2e271170da9d420774796bd728c14","gasUsed":"0x4b6dc","input":"0xf5e05072000000000000000000000000000000000000000000000000000000000000002000000000000000000000000000000000000000000000000000000000000000353078386330363136346631366561356332303366376531346265343766656164663138613938353432382c706572636f6d70616e790000000000000000000000","logs":[],"logsBloom":"0x00000000000000000000000000000000000000000000000000000000000000000000000000000000000000000000000000000000000000000000000000000000000000000000000000000000000000000000000000000000000000000000000000000000000000000000000000000000000000000000000000000000000000000000000000000000000000000000000000000000000000000000000000000000000000000000000000000000000000000000000000000000000000000000000000000000000000000000000000000000000000000000000000000000000000000000000000000000000000000000000000000000000000000000000000000000","output":"0x08c379a00000000000000000000000000000000000000000000000000000000000000020000000000000000000000000000000000000000000000000000000000000000e496e73657274206661696c656421000000000000000000000000000000000000","remainGas":"0x0","root":"0x0000000000000000000000000000000000000000000000000000000000000000","status":"0x16","statusMsg":"RevertInstruction","to":"0x6187c9181eee2b1d3b69fd701c0db6dc7daca7a3","transactionHash":"0x538d74ab935a20f236999f2a1c9cb57a53f03fa05ad383789fef9fd9f83af2cd","transactionIndex":"0x0"}[22m[39m
2024.04.08-14:58:20.719[90m debug[39m [caliper] [monitor-process] 	Exiting readStats()
2024.04.08-14:58:21.028[90m debug[39m [caliper] [monitor-process] 	Entering readStats()
2024.04.08-14:58:21.244[90m debug[39m [caliper] [monitor-process] 	Exiting readStats()
2024.04.08-14:58:21.529[90m debug[39m [caliper] [monitor-process] 	Entering readStats()
2024.04.08-14:58:21.624[32m info [39m [caliper] [local-client.js] 	Info: client 78463 start test runFixedNumber():caliper-contract
2024.04.08-14:58:21.733[90m debug[39m [caliper] [monitor-process] 	Exiting readStats()
2024.04.08-14:58:22.031[90m debug[39m [caliper] [monitor-process] 	Entering readStats()
2024.04.08-14:58:22.218[90m debug[39m [caliper] [monitor-process] 	Exiting readStats()
2024.04.08-14:58:22.532[90m debug[39m [caliper] [monitor-process] 	Entering readStats()
2024.04.08-14:58:22.736[90m debug[39m [caliper] [monitor-process] 	Exiting readStats()
2024.04.08-14:58:22.866[90m debug[39m [caliper] [null-observer] 	No action taken by NullObserver on stopWatch
2024.04.08-14:58:22.866[90m debug[39m [caliper] [report-builder] 	getLocalResultValues called with: 
2024.04.08-14:58:22.866[32m info [39m [caliper] [report-builder] 	### Test result ###
2024.04.08-14:58:22.871[32m info [39m [caliper] [report-builder] 	
+-----------------+------+------+-----------------+-----------------+-----------------+-----------------+------------------+
| Name            | Succ | Fail | Send Rate (TPS) | Max Latency (s) | Min Latency (s) | Avg Latency (s) | Throughput (TPS) |
|-----------------|------|------|-----------------|-----------------|-----------------|-----------------|------------------|
| PerChaseCompany | 10   | 0    | 11.1            | 0.54            | 0.12            | 0.33            | 9.6              |
+-----------------+------+------+-----------------+-----------------+-----------------+-----------------+------------------+

2024.04.08-14:58:22.881[32m info [39m [caliper] [report-builder] 	### process resource stats ###'
2024.04.08-14:58:22.881[32m info [39m [caliper] [report-builder] 	
+---------+------------------------------------+-------------+-------------+------------+------------+
| Type    | Name                               | Memory(max) | Memory(avg) | CPU% (max) | CPU% (avg) |
|---------|------------------------------------|-------------|-------------|------------|------------|
| Process | node fiscoBcosClientWorker.js(avg) | 30.8MB      | 29.3MB      | 4.33       | 2.40       |
+---------+------------------------------------+-------------+-------------+------------+------------+

2024.04.08-14:58:22.881[90m debug[39m [caliper] [caliper-flow] 	resources count:
2024.04.08-14:58:22.881[32m info [39m [caliper] [defaultTest] 	------ Passed 'PerChaseCompany' testing ------
2024.04.08-14:58:22.881[32m info [39m [caliper] [defaultTest] 	Waiting 5 seconds for the next round...
2024.04.08-14:58:23.033[90m debug[39m [caliper] [monitor-process] 	Entering readStats()
2024.04.08-14:58:23.222[90m debug[39m [caliper] [monitor-process] 	Exiting readStats()
2024.04.08-14:58:23.534[90m debug[39m [caliper] [monitor-process] 	Entering readStats()
2024.04.08-14:58:23.721[90m debug[39m [caliper] [monitor-process] 	Exiting readStats()
2024.04.08-14:58:24.036[90m debug[39m [caliper] [monitor-process] 	Entering readStats()
2024.04.08-14:58:24.215[90m debug[39m [caliper] [monitor-process] 	Exiting readStats()
2024.04.08-14:58:24.536[90m debug[39m [caliper] [monitor-process] 	Entering readStats()
2024.04.08-14:58:24.711[90m debug[39m [caliper] [monitor-process] 	Exiting readStats()
2024.04.08-14:58:25.038[90m debug[39m [caliper] [monitor-process] 	Entering readStats()
2024.04.08-14:58:25.224[90m debug[39m [caliper] [monitor-process] 	Exiting readStats()
2024.04.08-14:58:25.539[90m debug[39m [caliper] [monitor-process] 	Entering readStats()
2024.04.08-14:58:25.741[90m debug[39m [caliper] [monitor-process] 	Exiting readStats()
2024.04.08-14:58:26.039[90m debug[39m [caliper] [monitor-process] 	Entering readStats()
2024.04.08-14:58:26.229[90m debug[39m [caliper] [monitor-process] 	Exiting readStats()
2024.04.08-14:58:26.540[90m debug[39m [caliper] [monitor-process] 	Entering readStats()
2024.04.08-14:58:26.728[90m debug[39m [caliper] [monitor-process] 	Exiting readStats()
2024.04.08-14:58:27.042[90m debug[39m [caliper] [monitor-process] 	Entering readStats()
2024.04.08-14:58:27.244[90m debug[39m [caliper] [monitor-process] 	Exiting readStats()
2024.04.08-14:58:27.543[90m debug[39m [caliper] [monitor-process] 	Entering readStats()
2024.04.08-14:58:27.734[90m debug[39m [caliper] [monitor-process] 	Exiting readStats()
2024.04.08-14:58:27.883[90m debug[39m [caliper] [monitor-process] 	Entering readStats()
2024.04.08-14:58:28.074[90m debug[39m [caliper] [monitor-process] 	Exiting readStats()
2024.04.08-14:58:28.074[32m info [39m [caliper] [monitor-process] 	Starting process monitor with update interval 500 ms
2024.04.08-14:58:28.074[32m info [39m [caliper] [defaultTest] 	####### Testing 'TransCompany' #######
2024.04.08-14:58:28.074[90m debug[39m [caliper] [null-observer] 	No action taken by NullObserver on setBenchmark
2024.04.08-14:58:28.074[32m info [39m [caliper] [defaultTest] 	------ Test round 2 ------
2024.04.08-14:58:28.074[90m debug[39m [caliper] [null-observer] 	No action taken by NullObserver on setRound
2024.04.08-14:58:28.074[90m debug[39m [caliper] [null-observer] 	No action taken by NullObserver on startWatch
2024.04.08-14:58:28.074[32m info [39m [caliper] [client.js] 	Existing 1 clients will be reused in next test round... 
2024.04.08-14:58:28.075[90m debug[39m [caliper] [local-client.js] 	doTest() with:
2024.04.08-14:58:28.075[32m info [39m [caliper] [local-client.js] 	txUpdateTime: 1000
2024.04.08-14:58:28.075[90m debug[39m [caliper] [rateControl.js] 	Creating rate controller for client#0 for round#0
2024.04.08-14:58:28.075[32m info [39m [caliper] [local-client.js] 	Info: client 78463 init test :caliper-contract
2024.04.08-14:58:28.200[31m error[39m [caliper] [invokeSmartContract.js] 	[31m[1mFailed to invoke smart contract: {"blockHash":"0xe7716a32266ea81e0862133e3212d06c5ddeb2e7e872abf2904876ca68420c25","blockNumber":"0xf","contractAddress":"0x0000000000000000000000000000000000000000","from":"0xc2cfd5a3c3a4c3b29fb3044ecc995b756e99362a","gasUsed":"0x5eb8a","input":"0x91a91f61000000000000000000000000000000000000000000000000000000000000002000000000000000000000000000000000000000000000000000000000000000363078663665656363623834653435303263643463326532613537623565393837353131396563616131352c6b6b6b2c6c6f63616c2c3100000000000000000000","logs":[],"logsBloom":"0x00000000000000000000000000000000000000000000000000000000000000000000000000000000000000000000000000000000000000000000000000000000000000000000000000000000000000000000000000000000000000000000000000000000000000000000000000000000000000000000000000000000000000000000000000000000000000000000000000000000000000000000000000000000000000000000000000000000000000000000000000000000000000000000000000000000000000000000000000000000000000000000000000000000000000000000000000000000000000000000000000000000000000000000000000000000","output":"0x08c379a00000000000000000000000000000000000000000000000000000000000000020000000000000000000000000000000000000000000000000000000000000000e496e73657274206661696c656421000000000000000000000000000000000000","remainGas":"0x0","root":"0x0000000000000000000000000000000000000000000000000000000000000000","status":"0x16","statusMsg":"RevertInstruction","to":"0x6187c9181eee2b1d3b69fd701c0db6dc7daca7a3","transactionHash":"0x71cb9795a2a37ce43fc7520a61617e558b751d73076bb70dbf15bced3f5f77b0","transactionIndex":"0x0"}[22m[39m
2024.04.08-14:58:28.574[90m debug[39m [caliper] [monitor-process] 	Entering readStats()
2024.04.08-14:58:28.761[90m debug[39m [caliper] [monitor-process] 	Exiting readStats()
2024.04.08-14:58:29.075[90m debug[39m [caliper] [monitor-process] 	Entering readStats()
2024.04.08-14:58:29.201[32m info [39m [caliper] [local-client.js] 	Info: client 78463 start test runFixedNumber():caliper-contract
2024.04.08-14:58:29.277[90m debug[39m [caliper] [monitor-process] 	Exiting readStats()
2024.04.08-14:58:29.577[90m debug[39m [caliper] [monitor-process] 	Entering readStats()
2024.04.08-14:58:29.762[90m debug[39m [caliper] [monitor-process] 	Exiting readStats()
2024.04.08-14:58:30.078[90m debug[39m [caliper] [monitor-process] 	Entering readStats()
2024.04.08-14:58:30.265[90m debug[39m [caliper] [monitor-process] 	Exiting readStats()
2024.04.08-14:58:30.473[90m debug[39m [caliper] [null-observer] 	No action taken by NullObserver on stopWatch
2024.04.08-14:58:30.473[90m debug[39m [caliper] [report-builder] 	getLocalResultValues called with: 
2024.04.08-14:58:30.474[32m info [39m [caliper] [report-builder] 	### Test result ###
2024.04.08-14:58:30.477[32m info [39m [caliper] [report-builder] 	
+--------------+------+------+-----------------+-----------------+-----------------+-----------------+------------------+
| Name         | Succ | Fail | Send Rate (TPS) | Max Latency (s) | Min Latency (s) | Avg Latency (s) | Throughput (TPS) |
|--------------|------|------|-----------------|-----------------|-----------------|-----------------|------------------|
| TransCompany | 10   | 0    | 11.1            | 0.57            | 0.13            | 0.35            | 9.4              |
+--------------+------+------+-----------------+-----------------+-----------------+-----------------+------------------+

2024.04.08-14:58:30.477[32m info [39m [caliper] [report-builder] 	### process resource stats ###'
2024.04.08-14:58:30.478[32m info [39m [caliper] [report-builder] 	
+---------+------------------------------------+-------------+-------------+------------+------------+
| Type    | Name                               | Memory(max) | Memory(avg) | CPU% (max) | CPU% (avg) |
|---------|------------------------------------|-------------|-------------|------------|------------|
| Process | node fiscoBcosClientWorker.js(avg) | 27.0MB      | 26.8MB      | 2.13       | 1.91       |
+---------+------------------------------------+-------------+-------------+------------+------------+

2024.04.08-14:58:30.478[90m debug[39m [caliper] [caliper-flow] 	resources count:
2024.04.08-14:58:30.478[32m info [39m [caliper] [defaultTest] 	------ Passed 'TransCompany' testing ------
2024.04.08-14:58:30.478[32m info [39m [caliper] [caliper-flow] 	---------- Finished Test ----------

2024.04.08-14:58:30.479[32m info [39m [caliper] [report-builder] 	### All test results ###
2024.04.08-14:58:30.480[32m info [39m [caliper] [report-builder] 	
+-----------------+------+------+-----------------+-----------------+-----------------+-----------------+------------------+
| Name            | Succ | Fail | Send Rate (TPS) | Max Latency (s) | Min Latency (s) | Avg Latency (s) | Throughput (TPS) |
|-----------------|------|------|-----------------|-----------------|-----------------|-----------------|------------------|
| PerChaseCompany | 10   | 0    | 11.1            | 0.54            | 0.12            | 0.33            | 9.6              |
|-----------------|------|------|-----------------|-----------------|-----------------|-----------------|------------------|
| TransCompany    | 10   | 0    | 11.1            | 0.57            | 0.13            | 0.35            | 9.4              |
+-----------------+------+------+-----------------+-----------------+-----------------+-----------------+------------------+

2024.04.08-14:58:30.579[90m debug[39m [caliper] [monitor-process] 	Entering readStats()
2024.04.08-14:58:30.754[32m info [39m [caliper] [caliper-flow] 	Generated report with path /Volumes/newElements/logistics/caliper/report.html
